<?xml version="1.0" encoding="UTF-8"?>
<!-- Generated by org.testng.reporters.JUnitReportReporter -->
<testsuite hostname="LAPTOP-022Q4R9U" failures="0" tests="1" name="tests.Test_001_ScrapBBCWebsite" time="141.241" errors="0" timestamp="2021-12-22T19:34:27 IST" skipped="0">
  <testcase classname="tests.Test_001_ScrapBBCWebsite" name="getBBCWebSiteDetails" time="141.241"/>
  <system-out/>
</testsuite> <!-- tests.Test_001_ScrapBBCWebsite -->
