<?xml version="1.0" encoding="UTF-8"?>
<!-- Generated by org.testng.reporters.JUnitReportReporter -->
<testsuite hostname="LAPTOP-022Q4R9U" failures="0" tests="1" name="tests.Test_001_ScrapBBCWebsite" time="7.651" errors="0" timestamp="2021-12-17T07:26:28 IST" skipped="0">
  <testcase classname="tests.Test_001_ScrapBBCWebsite" name="getBBCWebSiteDetails" time="7.651"/>
  <system-out/>
</testsuite> <!-- tests.Test_001_ScrapBBCWebsite -->
