<?xml version="1.0" encoding="UTF-8"?>
<!-- Generated by org.testng.reporters.JUnitReportReporter -->
<testsuite skipped="0" hostname="LAPTOP-022Q4R9U" name="tests.Test_001_ScrapBBCWebsite" tests="1" failures="0" timestamp="2021-12-17T08:06:42 IST" time="7.825" errors="0">
  <testcase name="getBBCWebSiteDetails" time="7.825" classname="tests.Test_001_ScrapBBCWebsite"/>
  <system-out/>
</testsuite> <!-- tests.Test_001_ScrapBBCWebsite -->
